2022-06-21 00:14:50,644 INFO  [org.keycloak.services] (default task-5) KC-SERVICES0077: Created initial admin user with username admin
2022-06-21 01:23:42,013 WARN  [org.keycloak.events] (default task-11) type=REFRESH_TOKEN_ERROR, realmId=b53942b6-fc1a-47b6-a63a-0cef0f0ee479, clientId=security-admin-console, userId=null, ipAddress=127.0.0.1, error=invalid_token, grant_type=refresh_token, client_auth_method=client-secret
2022-06-21 01:25:25,331 WARN  [org.hibernate.engine.jdbc.spi.SqlExceptionHelper] (default task-13) SQL Error: 50200, SQLState: HYT00
2022-06-21 01:25:25,470 ERROR [org.hibernate.engine.jdbc.spi.SqlExceptionHelper] (default task-13) Dépassement du temps lors du vérrouillage de la table 
Timeout trying to lock table ; SQL statement:
insert into REALM (ACCESS_CODE_LIFESPAN, LOGIN_LIFESPAN, USER_ACTION_LIFESPAN, ACCESS_TOKEN_LIFESPAN, ACCESS_TOKEN_LIFE_IMPLICIT, ACCOUNT_THEME, ADMIN_EVENTS_DETAILS_ENABLED, ADMIN_EVENTS_ENABLED, ADMIN_THEME, ALLOW_USER_MANAGED_ACCESS, BROWSER_FLOW, CLIENT_AUTH_FLOW, DEFAULT_LOCALE, DEFAULT_ROLE, DIRECT_GRANT_FLOW, DOCKER_AUTH_FLOW, DUPLICATE_EMAILS_ALLOWED, EDIT_USERNAME_ALLOWED, EMAIL_THEME, ENABLED, EVENTS_ENABLED, EVENTS_EXPIRATION, INTERNATIONALIZATION_ENABLED, LOGIN_THEME, LOGIN_WITH_EMAIL_ALLOWED, MASTER_ADMIN_CLIENT, NAME, NOT_BEFORE, OFFLINE_SESSION_IDLE_TIMEOUT, OTP_POLICY_ALG, OTP_POLICY_DIGITS, OTP_POLICY_COUNTER, OTP_POLICY_WINDOW, OTP_POLICY_PERIOD, OTP_POLICY_TYPE, PASSWORD_POLICY, REFRESH_TOKEN_MAX_REUSE, REGISTRATION_ALLOWED, REG_EMAIL_AS_USERNAME, REGISTRATION_FLOW, REMEMBER_ME, RESET_CREDENTIALS_FLOW, RESET_PASSWORD_ALLOWED, REVOKE_REFRESH_TOKEN, SSL_REQUIRED, SSO_IDLE_TIMEOUT, SSO_IDLE_TIMEOUT_REMEMBER_ME, SSO_MAX_LIFESPAN, SSO_MAX_LIFESPAN_REMEMBER_ME, VERIFY_EMAIL, ID) values (?, ?, ?, ?, ?, ?, ?, ?, ?, ?, ?, ?, ?, ?, ?, ?, ?, ?, ?, ?, ?, ?, ?, ?, ?, ?, ?, ?, ?, ?, ?, ?, ?, ?, ?, ?, ?, ?, ?, ?, ?, ?, ?, ?, ?, ?, ?, ?, ?, ?, ?) [50200-197]
2022-06-21 01:25:30,366 WARN  [org.hibernate.engine.jdbc.spi.SqlExceptionHelper] (default task-11) SQL Error: 23505, SQLState: 23505
2022-06-21 01:25:30,367 ERROR [org.hibernate.engine.jdbc.spi.SqlExceptionHelper] (default task-11) Violation dindex unique ou clé primaire: {0}
Unique index or primary key violation: {0}; SQL statement:
insert into REALM (ACCESS_CODE_LIFESPAN, LOGIN_LIFESPAN, USER_ACTION_LIFESPAN, ACCESS_TOKEN_LIFESPAN, ACCESS_TOKEN_LIFE_IMPLICIT, ACCOUNT_THEME, ADMIN_EVENTS_DETAILS_ENABLED, ADMIN_EVENTS_ENABLED, ADMIN_THEME, ALLOW_USER_MANAGED_ACCESS, BROWSER_FLOW, CLIENT_AUTH_FLOW, DEFAULT_LOCALE, DEFAULT_ROLE, DIRECT_GRANT_FLOW, DOCKER_AUTH_FLOW, DUPLICATE_EMAILS_ALLOWED, EDIT_USERNAME_ALLOWED, EMAIL_THEME, ENABLED, EVENTS_ENABLED, EVENTS_EXPIRATION, INTERNATIONALIZATION_ENABLED, LOGIN_THEME, LOGIN_WITH_EMAIL_ALLOWED, MASTER_ADMIN_CLIENT, NAME, NOT_BEFORE, OFFLINE_SESSION_IDLE_TIMEOUT, OTP_POLICY_ALG, OTP_POLICY_DIGITS, OTP_POLICY_COUNTER, OTP_POLICY_WINDOW, OTP_POLICY_PERIOD, OTP_POLICY_TYPE, PASSWORD_POLICY, REFRESH_TOKEN_MAX_REUSE, REGISTRATION_ALLOWED, REG_EMAIL_AS_USERNAME, REGISTRATION_FLOW, REMEMBER_ME, RESET_CREDENTIALS_FLOW, RESET_PASSWORD_ALLOWED, REVOKE_REFRESH_TOKEN, SSL_REQUIRED, SSO_IDLE_TIMEOUT, SSO_IDLE_TIMEOUT_REMEMBER_ME, SSO_MAX_LIFESPAN, SSO_MAX_LIFESPAN_REMEMBER_ME, VERIFY_EMAIL, ID) values (?, ?, ?, ?, ?, ?, ?, ?, ?, ?, ?, ?, ?, ?, ?, ?, ?, ?, ?, ?, ?, ?, ?, ?, ?, ?, ?, ?, ?, ?, ?, ?, ?, ?, ?, ?, ?, ?, ?, ?, ?, ?, ?, ?, ?, ?, ?, ?, ?, ?, ?) [23505-197]
2022-06-21 01:25:31,659 ERROR [org.keycloak.services.resources.admin.RealmsAdminResource] (default task-11) Conflict detected: org.keycloak.models.ModelDuplicateException: javax.persistence.PersistenceException: org.hibernate.exception.ConstraintViolationException: could not execute statement
	at org.keycloak.connections.jpa.PersistenceExceptionConverter.convert(PersistenceExceptionConverter.java:80)
	at org.keycloak.connections.jpa.PersistenceExceptionConverter.invoke(PersistenceExceptionConverter.java:62)
	at com.sun.proxy.$Proxy86.flush(Unknown Source)
	at org.keycloak.models.jpa.JpaRealmProvider.createRealm(JpaRealmProvider.java:107)
	at org.keycloak.models.cache.infinispan.RealmCacheSession.createRealm(RealmCacheSession.java:397)
	at org.keycloak.services.managers.RealmManager.importRealm(RealmManager.java:509)
	at org.keycloak.services.managers.RealmManager.importRealm(RealmManager.java:495)
	at org.keycloak.services.resources.admin.RealmsAdminResource.importRealm(RealmsAdminResource.java:133)
	at sun.reflect.NativeMethodAccessorImpl.invoke0(Native Method)
	at sun.reflect.NativeMethodAccessorImpl.invoke(NativeMethodAccessorImpl.java:62)
	at sun.reflect.DelegatingMethodAccessorImpl.invoke(DelegatingMethodAccessorImpl.java:43)
	at java.lang.reflect.Method.invoke(Method.java:497)
	at org.jboss.resteasy.core.MethodInjectorImpl.invoke(MethodInjectorImpl.java:170)
	at org.jboss.resteasy.core.MethodInjectorImpl.invoke(MethodInjectorImpl.java:130)
	at org.jboss.resteasy.core.ResourceMethodInvoker.internalInvokeOnTarget(ResourceMethodInvoker.java:660)
	at org.jboss.resteasy.core.ResourceMethodInvoker.invokeOnTargetAfterFilter(ResourceMethodInvoker.java:524)
	at org.jboss.resteasy.core.ResourceMethodInvoker.lambda$invokeOnTarget$2(ResourceMethodInvoker.java:474)
	at org.jboss.resteasy.core.interception.jaxrs.PreMatchContainerRequestContext.filter(PreMatchContainerRequestContext.java:364)
	at org.jboss.resteasy.core.ResourceMethodInvoker.invokeOnTarget(ResourceMethodInvoker.java:476)
	at org.jboss.resteasy.core.ResourceMethodInvoker.invoke(ResourceMethodInvoker.java:434)
	at org.jboss.resteasy.core.ResourceLocatorInvoker.invokeOnTargetObject(ResourceLocatorInvoker.java:192)
	at org.jboss.resteasy.core.ResourceLocatorInvoker.invoke(ResourceLocatorInvoker.java:141)
	at org.jboss.resteasy.core.ResourceLocatorInvoker.invoke(ResourceLocatorInvoker.java:32)
	at org.jboss.resteasy.core.SynchronousDispatcher.invoke(SynchronousDispatcher.java:492)
	at org.jboss.resteasy.core.SynchronousDispatcher.lambda$invoke$4(SynchronousDispatcher.java:261)
	at org.jboss.resteasy.core.SynchronousDispatcher.lambda$preprocess$0(SynchronousDispatcher.java:161)
	at org.jboss.resteasy.core.interception.jaxrs.PreMatchContainerRequestContext.filter(PreMatchContainerRequestContext.java:364)
	at org.jboss.resteasy.core.SynchronousDispatcher.preprocess(SynchronousDispatcher.java:164)
	at org.jboss.resteasy.core.SynchronousDispatcher.invoke(SynchronousDispatcher.java:247)
	at org.jboss.resteasy.plugins.server.servlet.ServletContainerDispatcher.service(ServletContainerDispatcher.java:249)
	at org.jboss.resteasy.plugins.server.servlet.HttpServletDispatcher.service(HttpServletDispatcher.java:60)
	at org.jboss.resteasy.plugins.server.servlet.HttpServletDispatcher.service(HttpServletDispatcher.java:55)
	at javax.servlet.http.HttpServlet.service(HttpServlet.java:590)
	at io.undertow.servlet.handlers.ServletHandler.handleRequest(ServletHandler.java:74)
	at io.undertow.servlet.handlers.FilterHandler$FilterChainImpl.doFilter(FilterHandler.java:129)
	at org.keycloak.provider.wildfly.WildFlyRequestFilter.lambda$doFilter$0(WildFlyRequestFilter.java:41)
	at org.keycloak.services.filters.AbstractRequestFilter.filter(AbstractRequestFilter.java:43)
	at org.keycloak.provider.wildfly.WildFlyRequestFilter.doFilter(WildFlyRequestFilter.java:39)
	at io.undertow.servlet.core.ManagedFilter.doFilter(ManagedFilter.java:61)
	at io.undertow.servlet.handlers.FilterHandler$FilterChainImpl.doFilter(FilterHandler.java:131)
	at io.undertow.servlet.handlers.FilterHandler.handleRequest(FilterHandler.java:84)
	at io.undertow.servlet.handlers.security.ServletSecurityRoleHandler.handleRequest(ServletSecurityRoleHandler.java:62)
	at io.undertow.servlet.handlers.ServletChain$1.handleRequest(ServletChain.java:68)
	at io.undertow.servlet.handlers.ServletDispatchingHandler.handleRequest(ServletDispatchingHandler.java:36)
	at org.wildfly.elytron.web.undertow.server.ElytronRunAsHandler.lambda$handleRequest$1(ElytronRunAsHandler.java:68)
	at org.wildfly.security.auth.server.FlexibleIdentityAssociation.runAsFunctionEx(FlexibleIdentityAssociation.java:103)
	at org.wildfly.security.auth.server.Scoped.runAsFunctionEx(Scoped.java:161)
	at org.wildfly.security.auth.server.Scoped.runAs(Scoped.java:73)
	at org.wildfly.elytron.web.undertow.server.ElytronRunAsHandler.handleRequest(ElytronRunAsHandler.java:67)
	at io.undertow.servlet.handlers.RedirectDirHandler.handleRequest(RedirectDirHandler.java:68)
	at io.undertow.servlet.handlers.security.SSLInformationAssociationHandler.handleRequest(SSLInformationAssociationHandler.java:117)
	at io.undertow.servlet.handlers.security.ServletAuthenticationCallHandler.handleRequest(ServletAuthenticationCallHandler.java:57)
	at io.undertow.server.handlers.PredicateHandler.handleRequest(PredicateHandler.java:43)
	at io.undertow.security.handlers.AbstractConfidentialityHandler.handleRequest(AbstractConfidentialityHandler.java:46)
	at io.undertow.servlet.handlers.security.ServletConfidentialityConstraintHandler.handleRequest(ServletConfidentialityConstraintHandler.java:64)
	at io.undertow.security.handlers.AbstractSecurityContextAssociationHandler.handleRequest(AbstractSecurityContextAssociationHandler.java:43)
	at org.wildfly.elytron.web.undertow.server.servlet.CleanUpHandler.handleRequest(CleanUpHandler.java:38)
	at io.undertow.server.handlers.PredicateHandler.handleRequest(PredicateHandler.java:43)
	at org.wildfly.extension.undertow.security.jacc.JACCContextIdHandler.handleRequest(JACCContextIdHandler.java:61)
	at io.undertow.server.handlers.PredicateHandler.handleRequest(PredicateHandler.java:43)
	at org.wildfly.extension.undertow.deployment.GlobalRequestControllerHandler.handleRequest(GlobalRequestControllerHandler.java:68)
	at io.undertow.servlet.handlers.SendErrorPageHandler.handleRequest(SendErrorPageHandler.java:52)
	at io.undertow.server.handlers.PredicateHandler.handleRequest(PredicateHandler.java:43)
	at io.undertow.servlet.handlers.ServletInitialHandler.handleFirstRequest(ServletInitialHandler.java:275)
	at io.undertow.servlet.handlers.ServletInitialHandler.access$100(ServletInitialHandler.java:79)
	at io.undertow.servlet.handlers.ServletInitialHandler$2.call(ServletInitialHandler.java:134)
	at io.undertow.servlet.handlers.ServletInitialHandler$2.call(ServletInitialHandler.java:131)
	at io.undertow.servlet.core.ServletRequestContextThreadSetupAction$1.call(ServletRequestContextThreadSetupAction.java:48)
	at io.undertow.servlet.core.ContextClassLoaderSetupAction$1.call(ContextClassLoaderSetupAction.java:43)
	at org.wildfly.extension.undertow.deployment.UndertowDeploymentInfoService$UndertowThreadSetupAction.lambda$create$0(UndertowDeploymentInfoService.java:1544)
	at org.wildfly.extension.undertow.deployment.UndertowDeploymentInfoService$UndertowThreadSetupAction.lambda$create$0(UndertowDeploymentInfoService.java:1544)
	at org.wildfly.extension.undertow.deployment.UndertowDeploymentInfoService$UndertowThreadSetupAction.lambda$create$0(UndertowDeploymentInfoService.java:1544)
	at org.wildfly.extension.undertow.deployment.UndertowDeploymentInfoService$UndertowThreadSetupAction.lambda$create$0(UndertowDeploymentInfoService.java:1544)
	at io.undertow.servlet.handlers.ServletInitialHandler.dispatchRequest(ServletInitialHandler.java:255)
	at io.undertow.servlet.handlers.ServletInitialHandler.access$000(ServletInitialHandler.java:79)
	at io.undertow.servlet.handlers.ServletInitialHandler$1.handleRequest(ServletInitialHandler.java:100)
	at io.undertow.server.Connectors.executeRootHandler(Connectors.java:387)
	at io.undertow.server.HttpServerExchange$1.run(HttpServerExchange.java:852)
	at org.jboss.threads.ContextClassLoaderSavingRunnable.run(ContextClassLoaderSavingRunnable.java:35)
	at org.jboss.threads.EnhancedQueueExecutor.safeRun(EnhancedQueueExecutor.java:1990)
	at org.jboss.threads.EnhancedQueueExecutor$ThreadBody.doRunTask(EnhancedQueueExecutor.java:1486)
	at org.jboss.threads.EnhancedQueueExecutor$ThreadBody.run(EnhancedQueueExecutor.java:1377)
	at org.xnio.XnioWorker$WorkerThreadFactory$1$1.run(XnioWorker.java:1282)
	at java.lang.Thread.run(Thread.java:745)
Caused by: javax.persistence.PersistenceException: org.hibernate.exception.ConstraintViolationException: could not execute statement
	at org.hibernate.internal.ExceptionConverterImpl.convert(ExceptionConverterImpl.java:154)
	at org.hibernate.internal.ExceptionConverterImpl.convert(ExceptionConverterImpl.java:181)
	at org.hibernate.internal.ExceptionConverterImpl.convert(ExceptionConverterImpl.java:188)
	at org.hibernate.internal.SessionImpl.doFlush(SessionImpl.java:1478)
	at org.hibernate.internal.SessionImpl.flush(SessionImpl.java:1458)
	at sun.reflect.GeneratedMethodAccessor273.invoke(Unknown Source)
	at sun.reflect.DelegatingMethodAccessorImpl.invoke(DelegatingMethodAccessorImpl.java:43)
	at java.lang.reflect.Method.invoke(Method.java:497)
	at org.keycloak.connections.jpa.PersistenceExceptionConverter.invoke(PersistenceExceptionConverter.java:60)
	... 82 more
Caused by: org.hibernate.exception.ConstraintViolationException: could not execute statement
	at org.hibernate.exception.internal.SQLStateConversionDelegate.convert(SQLStateConversionDelegate.java:112)
	at org.hibernate.exception.internal.StandardSQLExceptionConverter.convert(StandardSQLExceptionConverter.java:42)
	at org.hibernate.engine.jdbc.spi.SqlExceptionHelper.convert(SqlExceptionHelper.java:113)
	at org.hibernate.engine.jdbc.spi.SqlExceptionHelper.convert(SqlExceptionHelper.java:99)
	at org.hibernate.engine.jdbc.internal.ResultSetReturnImpl.executeUpdate(ResultSetReturnImpl.java:178)
	at org.hibernate.persister.entity.AbstractEntityPersister.insert(AbstractEntityPersister.java:3193)
	at org.hibernate.persister.entity.AbstractEntityPersister.insert(AbstractEntityPersister.java:3707)
	at org.hibernate.action.internal.EntityInsertAction.execute(EntityInsertAction.java:90)
	at org.hibernate.engine.spi.ActionQueue.executeActions(ActionQueue.java:604)
	at org.hibernate.engine.spi.ActionQueue.executeActions(ActionQueue.java:478)
	at org.hibernate.event.internal.AbstractFlushingEventListener.performExecutions(AbstractFlushingEventListener.java:356)
	at org.hibernate.event.internal.DefaultFlushEventListener.onFlush(DefaultFlushEventListener.java:39)
	at org.hibernate.internal.SessionImpl.doFlush(SessionImpl.java:1472)
	... 87 more
Caused by: org.h2.jdbc.JdbcSQLException: Violation dindex unique ou clé primaire: {0}
Unique index or primary key violation: {0}; SQL statement:
insert into REALM (ACCESS_CODE_LIFESPAN, LOGIN_LIFESPAN, USER_ACTION_LIFESPAN, ACCESS_TOKEN_LIFESPAN, ACCESS_TOKEN_LIFE_IMPLICIT, ACCOUNT_THEME, ADMIN_EVENTS_DETAILS_ENABLED, ADMIN_EVENTS_ENABLED, ADMIN_THEME, ALLOW_USER_MANAGED_ACCESS, BROWSER_FLOW, CLIENT_AUTH_FLOW, DEFAULT_LOCALE, DEFAULT_ROLE, DIRECT_GRANT_FLOW, DOCKER_AUTH_FLOW, DUPLICATE_EMAILS_ALLOWED, EDIT_USERNAME_ALLOWED, EMAIL_THEME, ENABLED, EVENTS_ENABLED, EVENTS_EXPIRATION, INTERNATIONALIZATION_ENABLED, LOGIN_THEME, LOGIN_WITH_EMAIL_ALLOWED, MASTER_ADMIN_CLIENT, NAME, NOT_BEFORE, OFFLINE_SESSION_IDLE_TIMEOUT, OTP_POLICY_ALG, OTP_POLICY_DIGITS, OTP_POLICY_COUNTER, OTP_POLICY_WINDOW, OTP_POLICY_PERIOD, OTP_POLICY_TYPE, PASSWORD_POLICY, REFRESH_TOKEN_MAX_REUSE, REGISTRATION_ALLOWED, REG_EMAIL_AS_USERNAME, REGISTRATION_FLOW, REMEMBER_ME, RESET_CREDENTIALS_FLOW, RESET_PASSWORD_ALLOWED, REVOKE_REFRESH_TOKEN, SSL_REQUIRED, SSO_IDLE_TIMEOUT, SSO_IDLE_TIMEOUT_REMEMBER_ME, SSO_MAX_LIFESPAN, SSO_MAX_LIFESPAN_REMEMBER_ME, VERIFY_EMAIL, ID) values (?, ?, ?, ?, ?, ?, ?, ?, ?, ?, ?, ?, ?, ?, ?, ?, ?, ?, ?, ?, ?, ?, ?, ?, ?, ?, ?, ?, ?, ?, ?, ?, ?, ?, ?, ?, ?, ?, ?, ?, ?, ?, ?, ?, ?, ?, ?, ?, ?, ?, ?) [23505-197]
	at org.h2.message.DbException.getJdbcSQLException(DbException.java:357)
	at org.h2.message.DbException.get(DbException.java:179)
	at org.h2.message.DbException.get(DbException.java:155)
	at org.h2.index.BaseIndex.getDuplicateKeyException(BaseIndex.java:101)
	at org.h2.mvstore.db.MVSecondaryIndex.requireUnique(MVSecondaryIndex.java:236)
	at org.h2.mvstore.db.MVSecondaryIndex.add(MVSecondaryIndex.java:202)
	at org.h2.mvstore.db.MVTable.addRow(MVTable.java:732)
	at org.h2.command.dml.Insert.insertRows(Insert.java:182)
	at org.h2.command.dml.Insert.update(Insert.java:134)
	at org.h2.command.CommandContainer.update(CommandContainer.java:102)
	at org.h2.command.Command.executeUpdate(Command.java:261)
	at org.h2.jdbc.JdbcPreparedStatement.executeUpdateInternal(JdbcPreparedStatement.java:199)
	at org.h2.jdbc.JdbcPreparedStatement.executeUpdate(JdbcPreparedStatement.java:153)
	at org.jboss.jca.adapters.jdbc.WrappedPreparedStatement.executeUpdate(WrappedPreparedStatement.java:537)
	at org.hibernate.engine.jdbc.internal.ResultSetReturnImpl.executeUpdate(ResultSetReturnImpl.java:175)
	... 95 more

2022-06-21 01:25:31,041 ERROR [org.keycloak.services.error.KeycloakErrorHandler] (default task-13) Uncaught server error: org.keycloak.models.ModelException: javax.persistence.PessimisticLockException: could not execute statement
	at org.keycloak.connections.jpa.PersistenceExceptionConverter.convert(PersistenceExceptionConverter.java:84)
	at org.keycloak.connections.jpa.PersistenceExceptionConverter.invoke(PersistenceExceptionConverter.java:62)
	at com.sun.proxy.$Proxy86.flush(Unknown Source)
	at org.keycloak.models.jpa.JpaRealmProvider.createRealm(JpaRealmProvider.java:107)
	at org.keycloak.models.cache.infinispan.RealmCacheSession.createRealm(RealmCacheSession.java:397)
	at org.keycloak.services.managers.RealmManager.importRealm(RealmManager.java:509)
	at org.keycloak.services.managers.RealmManager.importRealm(RealmManager.java:495)
	at org.keycloak.services.resources.admin.RealmsAdminResource.importRealm(RealmsAdminResource.java:133)
	at sun.reflect.NativeMethodAccessorImpl.invoke0(Native Method)
	at sun.reflect.NativeMethodAccessorImpl.invoke(NativeMethodAccessorImpl.java:62)
	at sun.reflect.DelegatingMethodAccessorImpl.invoke(DelegatingMethodAccessorImpl.java:43)
	at java.lang.reflect.Method.invoke(Method.java:497)
	at org.jboss.resteasy.core.MethodInjectorImpl.invoke(MethodInjectorImpl.java:170)
	at org.jboss.resteasy.core.MethodInjectorImpl.invoke(MethodInjectorImpl.java:130)
	at org.jboss.resteasy.core.ResourceMethodInvoker.internalInvokeOnTarget(ResourceMethodInvoker.java:660)
	at org.jboss.resteasy.core.ResourceMethodInvoker.invokeOnTargetAfterFilter(ResourceMethodInvoker.java:524)
	at org.jboss.resteasy.core.ResourceMethodInvoker.lambda$invokeOnTarget$2(ResourceMethodInvoker.java:474)
	at org.jboss.resteasy.core.interception.jaxrs.PreMatchContainerRequestContext.filter(PreMatchContainerRequestContext.java:364)
	at org.jboss.resteasy.core.ResourceMethodInvoker.invokeOnTarget(ResourceMethodInvoker.java:476)
	at org.jboss.resteasy.core.ResourceMethodInvoker.invoke(ResourceMethodInvoker.java:434)
	at org.jboss.resteasy.core.ResourceLocatorInvoker.invokeOnTargetObject(ResourceLocatorInvoker.java:192)
	at org.jboss.resteasy.core.ResourceLocatorInvoker.invoke(ResourceLocatorInvoker.java:141)
	at org.jboss.resteasy.core.ResourceLocatorInvoker.invoke(ResourceLocatorInvoker.java:32)
	at org.jboss.resteasy.core.SynchronousDispatcher.invoke(SynchronousDispatcher.java:492)
	at org.jboss.resteasy.core.SynchronousDispatcher.lambda$invoke$4(SynchronousDispatcher.java:261)
	at org.jboss.resteasy.core.SynchronousDispatcher.lambda$preprocess$0(SynchronousDispatcher.java:161)
	at org.jboss.resteasy.core.interception.jaxrs.PreMatchContainerRequestContext.filter(PreMatchContainerRequestContext.java:364)
	at org.jboss.resteasy.core.SynchronousDispatcher.preprocess(SynchronousDispatcher.java:164)
	at org.jboss.resteasy.core.SynchronousDispatcher.invoke(SynchronousDispatcher.java:247)
	at org.jboss.resteasy.plugins.server.servlet.ServletContainerDispatcher.service(ServletContainerDispatcher.java:249)
	at org.jboss.resteasy.plugins.server.servlet.HttpServletDispatcher.service(HttpServletDispatcher.java:60)
	at org.jboss.resteasy.plugins.server.servlet.HttpServletDispatcher.service(HttpServletDispatcher.java:55)
	at javax.servlet.http.HttpServlet.service(HttpServlet.java:590)
	at io.undertow.servlet.handlers.ServletHandler.handleRequest(ServletHandler.java:74)
	at io.undertow.servlet.handlers.FilterHandler$FilterChainImpl.doFilter(FilterHandler.java:129)
	at org.keycloak.provider.wildfly.WildFlyRequestFilter.lambda$doFilter$0(WildFlyRequestFilter.java:41)
	at org.keycloak.services.filters.AbstractRequestFilter.filter(AbstractRequestFilter.java:43)
	at org.keycloak.provider.wildfly.WildFlyRequestFilter.doFilter(WildFlyRequestFilter.java:39)
	at io.undertow.servlet.core.ManagedFilter.doFilter(ManagedFilter.java:61)
	at io.undertow.servlet.handlers.FilterHandler$FilterChainImpl.doFilter(FilterHandler.java:131)
	at io.undertow.servlet.handlers.FilterHandler.handleRequest(FilterHandler.java:84)
	at io.undertow.servlet.handlers.security.ServletSecurityRoleHandler.handleRequest(ServletSecurityRoleHandler.java:62)
	at io.undertow.servlet.handlers.ServletChain$1.handleRequest(ServletChain.java:68)
	at io.undertow.servlet.handlers.ServletDispatchingHandler.handleRequest(ServletDispatchingHandler.java:36)
	at org.wildfly.elytron.web.undertow.server.ElytronRunAsHandler.lambda$handleRequest$1(ElytronRunAsHandler.java:68)
	at org.wildfly.security.auth.server.FlexibleIdentityAssociation.runAsFunctionEx(FlexibleIdentityAssociation.java:103)
	at org.wildfly.security.auth.server.Scoped.runAsFunctionEx(Scoped.java:161)
	at org.wildfly.security.auth.server.Scoped.runAs(Scoped.java:73)
	at org.wildfly.elytron.web.undertow.server.ElytronRunAsHandler.handleRequest(ElytronRunAsHandler.java:67)
	at io.undertow.servlet.handlers.RedirectDirHandler.handleRequest(RedirectDirHandler.java:68)
	at io.undertow.servlet.handlers.security.SSLInformationAssociationHandler.handleRequest(SSLInformationAssociationHandler.java:117)
	at io.undertow.servlet.handlers.security.ServletAuthenticationCallHandler.handleRequest(ServletAuthenticationCallHandler.java:57)
	at io.undertow.server.handlers.PredicateHandler.handleRequest(PredicateHandler.java:43)
	at io.undertow.security.handlers.AbstractConfidentialityHandler.handleRequest(AbstractConfidentialityHandler.java:46)
	at io.undertow.servlet.handlers.security.ServletConfidentialityConstraintHandler.handleRequest(ServletConfidentialityConstraintHandler.java:64)
	at io.undertow.security.handlers.AbstractSecurityContextAssociationHandler.handleRequest(AbstractSecurityContextAssociationHandler.java:43)
	at org.wildfly.elytron.web.undertow.server.servlet.CleanUpHandler.handleRequest(CleanUpHandler.java:38)
	at io.undertow.server.handlers.PredicateHandler.handleRequest(PredicateHandler.java:43)
	at org.wildfly.extension.undertow.security.jacc.JACCContextIdHandler.handleRequest(JACCContextIdHandler.java:61)
	at io.undertow.server.handlers.PredicateHandler.handleRequest(PredicateHandler.java:43)
	at org.wildfly.extension.undertow.deployment.GlobalRequestControllerHandler.handleRequest(GlobalRequestControllerHandler.java:68)
	at io.undertow.servlet.handlers.SendErrorPageHandler.handleRequest(SendErrorPageHandler.java:52)
	at io.undertow.server.handlers.PredicateHandler.handleRequest(PredicateHandler.java:43)
	at io.undertow.servlet.handlers.ServletInitialHandler.handleFirstRequest(ServletInitialHandler.java:275)
	at io.undertow.servlet.handlers.ServletInitialHandler.access$100(ServletInitialHandler.java:79)
	at io.undertow.servlet.handlers.ServletInitialHandler$2.call(ServletInitialHandler.java:134)
	at io.undertow.servlet.handlers.ServletInitialHandler$2.call(ServletInitialHandler.java:131)
	at io.undertow.servlet.core.ServletRequestContextThreadSetupAction$1.call(ServletRequestContextThreadSetupAction.java:48)
	at io.undertow.servlet.core.ContextClassLoaderSetupAction$1.call(ContextClassLoaderSetupAction.java:43)
	at org.wildfly.extension.undertow.deployment.UndertowDeploymentInfoService$UndertowThreadSetupAction.lambda$create$0(UndertowDeploymentInfoService.java:1544)
	at org.wildfly.extension.undertow.deployment.UndertowDeploymentInfoService$UndertowThreadSetupAction.lambda$create$0(UndertowDeploymentInfoService.java:1544)
	at org.wildfly.extension.undertow.deployment.UndertowDeploymentInfoService$UndertowThreadSetupAction.lambda$create$0(UndertowDeploymentInfoService.java:1544)
	at org.wildfly.extension.undertow.deployment.UndertowDeploymentInfoService$UndertowThreadSetupAction.lambda$create$0(UndertowDeploymentInfoService.java:1544)
	at io.undertow.servlet.handlers.ServletInitialHandler.dispatchRequest(ServletInitialHandler.java:255)
	at io.undertow.servlet.handlers.ServletInitialHandler.access$000(ServletInitialHandler.java:79)
	at io.undertow.servlet.handlers.ServletInitialHandler$1.handleRequest(ServletInitialHandler.java:100)
	at io.undertow.server.Connectors.executeRootHandler(Connectors.java:387)
	at io.undertow.server.HttpServerExchange$1.run(HttpServerExchange.java:852)
	at org.jboss.threads.ContextClassLoaderSavingRunnable.run(ContextClassLoaderSavingRunnable.java:35)
	at org.jboss.threads.EnhancedQueueExecutor.safeRun(EnhancedQueueExecutor.java:1990)
	at org.jboss.threads.EnhancedQueueExecutor$ThreadBody.doRunTask(EnhancedQueueExecutor.java:1486)
	at org.jboss.threads.EnhancedQueueExecutor$ThreadBody.run(EnhancedQueueExecutor.java:1377)
	at org.xnio.XnioWorker$WorkerThreadFactory$1$1.run(XnioWorker.java:1282)
	at java.lang.Thread.run(Thread.java:745)
Caused by: javax.persistence.PessimisticLockException: could not execute statement
	at org.hibernate.internal.ExceptionConverterImpl.wrapLockException(ExceptionConverterImpl.java:273)
	at org.hibernate.internal.ExceptionConverterImpl.convert(ExceptionConverterImpl.java:108)
	at org.hibernate.internal.ExceptionConverterImpl.convert(ExceptionConverterImpl.java:181)
	at org.hibernate.internal.ExceptionConverterImpl.convert(ExceptionConverterImpl.java:188)
	at org.hibernate.internal.SessionImpl.doFlush(SessionImpl.java:1478)
	at org.hibernate.internal.SessionImpl.flush(SessionImpl.java:1458)
	at sun.reflect.GeneratedMethodAccessor273.invoke(Unknown Source)
	at sun.reflect.DelegatingMethodAccessorImpl.invoke(DelegatingMethodAccessorImpl.java:43)
	at java.lang.reflect.Method.invoke(Method.java:497)
	at org.keycloak.connections.jpa.PersistenceExceptionConverter.invoke(PersistenceExceptionConverter.java:60)
	... 82 more
Caused by: org.hibernate.PessimisticLockException: could not execute statement
	at org.hibernate.dialect.H2Dialect$3.convert(H2Dialect.java:353)
	at org.hibernate.exception.internal.StandardSQLExceptionConverter.convert(StandardSQLExceptionConverter.java:42)
	at org.hibernate.engine.jdbc.spi.SqlExceptionHelper.convert(SqlExceptionHelper.java:113)
	at org.hibernate.engine.jdbc.spi.SqlExceptionHelper.convert(SqlExceptionHelper.java:99)
	at org.hibernate.engine.jdbc.internal.ResultSetReturnImpl.executeUpdate(ResultSetReturnImpl.java:178)
	at org.hibernate.persister.entity.AbstractEntityPersister.insert(AbstractEntityPersister.java:3193)
	at org.hibernate.persister.entity.AbstractEntityPersister.insert(AbstractEntityPersister.java:3707)
	at org.hibernate.action.internal.EntityInsertAction.execute(EntityInsertAction.java:90)
	at org.hibernate.engine.spi.ActionQueue.executeActions(ActionQueue.java:604)
	at org.hibernate.engine.spi.ActionQueue.executeActions(ActionQueue.java:478)
	at org.hibernate.event.internal.AbstractFlushingEventListener.performExecutions(AbstractFlushingEventListener.java:356)
	at org.hibernate.event.internal.DefaultFlushEventListener.onFlush(DefaultFlushEventListener.java:39)
	at org.hibernate.internal.SessionImpl.doFlush(SessionImpl.java:1472)
	... 87 more
Caused by: org.h2.jdbc.JdbcSQLException: Dépassement du temps lors du vérrouillage de la table 
Timeout trying to lock table ; SQL statement:
insert into REALM (ACCESS_CODE_LIFESPAN, LOGIN_LIFESPAN, USER_ACTION_LIFESPAN, ACCESS_TOKEN_LIFESPAN, ACCESS_TOKEN_LIFE_IMPLICIT, ACCOUNT_THEME, ADMIN_EVENTS_DETAILS_ENABLED, ADMIN_EVENTS_ENABLED, ADMIN_THEME, ALLOW_USER_MANAGED_ACCESS, BROWSER_FLOW, CLIENT_AUTH_FLOW, DEFAULT_LOCALE, DEFAULT_ROLE, DIRECT_GRANT_FLOW, DOCKER_AUTH_FLOW, DUPLICATE_EMAILS_ALLOWED, EDIT_USERNAME_ALLOWED, EMAIL_THEME, ENABLED, EVENTS_ENABLED, EVENTS_EXPIRATION, INTERNATIONALIZATION_ENABLED, LOGIN_THEME, LOGIN_WITH_EMAIL_ALLOWED, MASTER_ADMIN_CLIENT, NAME, NOT_BEFORE, OFFLINE_SESSION_IDLE_TIMEOUT, OTP_POLICY_ALG, OTP_POLICY_DIGITS, OTP_POLICY_COUNTER, OTP_POLICY_WINDOW, OTP_POLICY_PERIOD, OTP_POLICY_TYPE, PASSWORD_POLICY, REFRESH_TOKEN_MAX_REUSE, REGISTRATION_ALLOWED, REG_EMAIL_AS_USERNAME, REGISTRATION_FLOW, REMEMBER_ME, RESET_CREDENTIALS_FLOW, RESET_PASSWORD_ALLOWED, REVOKE_REFRESH_TOKEN, SSL_REQUIRED, SSO_IDLE_TIMEOUT, SSO_IDLE_TIMEOUT_REMEMBER_ME, SSO_MAX_LIFESPAN, SSO_MAX_LIFESPAN_REMEMBER_ME, VERIFY_EMAIL, ID) values (?, ?, ?, ?, ?, ?, ?, ?, ?, ?, ?, ?, ?, ?, ?, ?, ?, ?, ?, ?, ?, ?, ?, ?, ?, ?, ?, ?, ?, ?, ?, ?, ?, ?, ?, ?, ?, ?, ?, ?, ?, ?, ?, ?, ?, ?, ?, ?, ?, ?, ?) [50200-197]
	at org.h2.message.DbException.getJdbcSQLException(DbException.java:357)
	at org.h2.message.DbException.get(DbException.java:168)
	at org.h2.command.Command.filterConcurrentUpdate(Command.java:316)
	at org.h2.command.Command.executeUpdate(Command.java:268)
	at org.h2.jdbc.JdbcPreparedStatement.executeUpdateInternal(JdbcPreparedStatement.java:199)
	at org.h2.jdbc.JdbcPreparedStatement.executeUpdate(JdbcPreparedStatement.java:153)
	at org.jboss.jca.adapters.jdbc.WrappedPreparedStatement.executeUpdate(WrappedPreparedStatement.java:537)
	at org.hibernate.engine.jdbc.internal.ResultSetReturnImpl.executeUpdate(ResultSetReturnImpl.java:175)
	... 95 more
Caused by: org.h2.jdbc.JdbcSQLException: Mise à jour concurrente dans la table "REALM": une autre transaction à mis à jour ou supprimé la même ligne
Concurrent update in table "REALM": another transaction has updated or deleted the same row [90131-197]
	at org.h2.message.DbException.getJdbcSQLException(DbException.java:357)
	at org.h2.message.DbException.get(DbException.java:179)
	at org.h2.message.DbException.get(DbException.java:155)
	at org.h2.mvstore.db.MVSecondaryIndex.add(MVSecondaryIndex.java:225)
	at org.h2.mvstore.db.MVTable.addRow(MVTable.java:732)
	at org.h2.command.dml.Insert.insertRows(Insert.java:182)
	at org.h2.command.dml.Insert.update(Insert.java:134)
	at org.h2.command.CommandContainer.update(CommandContainer.java:102)
	at org.h2.command.Command.executeUpdate(Command.java:261)
	... 99 more

2022-06-21 13:47:21,823 INFO  [org.jboss.modules] (main) JBoss Modules version 2.0.2.Final
2022-06-21 13:47:55,567 INFO  [org.jboss.msc] (main) JBoss MSC version 1.4.13.Final
2022-06-21 13:47:55,703 INFO  [org.jboss.threads] (main) JBoss Threads version 2.4.0.Final
2022-06-21 13:47:57,340 INFO  [org.jboss.as] (MSC service thread 1-2) WFLYSRV0049: Keycloak 18.0.1 (WildFly Core 18.1.1.Final) starting
2022-06-21 13:47:57,379 DEBUG [org.jboss.as.config] (MSC service thread 1-2) Configured system properties:
	awt.toolkit = sun.awt.windows.WToolkit
	file.encoding = Cp1252
	file.encoding.pkg = sun.io
	file.separator = \
	java.awt.graphicsenv = sun.awt.Win32GraphicsEnvironment
	java.awt.headless = true
	java.awt.printerjob = sun.awt.windows.WPrinterJob
	java.class.path = C:\Users\stef info\Desktop\exercice\keycloak-18.0.1\jboss-modules.jar
	java.class.version = 52.0
	java.endorsed.dirs = C:\Program Files\Java\jdk1.8.0_60\jre\lib\endorsed
	java.ext.dirs = C:\Program Files\Java\jdk1.8.0_60\jre\lib\ext;C:\WINDOWS\Sun\Java\lib\ext
	java.home = C:\Program Files\Java\jdk1.8.0_60\jre
	java.io.tmpdir = C:\Users\STEFIN~1\AppData\Local\Temp\
	java.library.path = C:\Program Files\Java\jdk1.8.0_60\bin;C:\WINDOWS\Sun\Java\bin;C:\WINDOWS\system32;C:\WINDOWS;C:\Python310\Scripts\;C:\Python310\;C:\Program Files (x86)\VMware\VMware Workstation\bin\;C:\ProgramData\Oracle\Java\javapath;C:\Program Files (x86)\Common Files\Oracle\Java\javapath;C:\Windows\system32;C:\Windows;C:\Windows\System32\Wbem;C:\Windows\System32\WindowsPowerShell\v1.0\;C:\Program Files (x86)\NVIDIA Corporation\PhysX\Common;C:\WINDOWS\system32;C:\WINDOWS;C:\WINDOWS\System32\Wbem;C:\WINDOWS\System32\WindowsPowerShell\v1.0\;C:\WINDOWS\System32\OpenSSH\;C:\Program Files\Java\jdk1.8.0_281\bin;C:\wamp64\bin\php\php7.4.9;C:\composer;C:\Program Files\Java\jdk1.8.0_60\bin;C:\java\EducApp\Git\cmd;C:\Program Files\dotnet\;C:\Program Files\Microsoft SQL Server\130\Tools\Binn\;C:\Program Files\Microsoft SQL Server\Client SDK\ODBC\170\Tools\Binn\;C:\ProgramData\chocolatey\bin;C:\Program Files\nodejs\;C:\Users\stef info\AppData\Local\Microsoft\WindowsApps;C:\Program Files\CodeBlocks\MinGW\bin;C:\wamp64\bin\php\php7.4.9;C:\Program Files\Java\jdk1.8.0_60\bin;C:\Users\stef info\AppData\Roaming\Composer\vendor\bin;C:\Users\stef info\AppData\Local\Programs\Microsoft VS Code\bin;C:\Users\stef info\AppData\Local\GitHubDesktop\bin;C:\Users\stef info\.dotnet\tools;C:\Users\stef info\AppData\Roaming\npm;.
	java.net.preferIPv4Stack = true
	java.runtime.name = Java(TM) SE Runtime Environment
	java.runtime.version = 1.8.0_60-b27
	java.specification.name = Java Platform API Specification
	java.specification.vendor = Oracle Corporation
	java.specification.version = 1.8
	java.util.logging.manager = org.jboss.logmanager.LogManager
	java.vendor = Oracle Corporation
	java.vendor.url = http://java.oracle.com/
	java.vendor.url.bug = http://bugreport.sun.com/bugreport/
	java.version = 1.8.0_60
	java.vm.info = mixed mode
	java.vm.name = Java HotSpot(TM) 64-Bit Server VM
	java.vm.specification.name = Java Virtual Machine Specification
	java.vm.specification.vendor = Oracle Corporation
	java.vm.specification.version = 1.8
	java.vm.vendor = Oracle Corporation
	java.vm.version = 25.60-b23
	javax.management.builder.initial = org.jboss.as.jmx.PluggableMBeanServerBuilder
	jboss.home.dir = C:\Users\stef info\Desktop\exercice\keycloak-18.0.1
	jboss.host.name = desktop-iii5iej
	jboss.modules.dir = C:\Users\stef info\Desktop\exercice\keycloak-18.0.1\modules
	jboss.modules.system.pkgs = org.jboss.byteman
	jboss.node.name = desktop-iii5iej
	jboss.qualified.host.name = desktop-iii5iej
	jboss.server.base.dir = C:\Users\stef info\Desktop\exercice\keycloak-18.0.1\standalone
	jboss.server.config.dir = C:\Users\stef info\Desktop\exercice\keycloak-18.0.1\standalone\configuration
	jboss.server.data.dir = C:\Users\stef info\Desktop\exercice\keycloak-18.0.1\standalone\data
	jboss.server.deploy.dir = C:\Users\stef info\Desktop\exercice\keycloak-18.0.1\standalone\data\content
	jboss.server.log.dir = C:\Users\stef info\Desktop\exercice\keycloak-18.0.1\standalone\log
	jboss.server.name = desktop-iii5iej
	jboss.server.persist.config = true
	jboss.server.temp.dir = C:\Users\stef info\Desktop\exercice\keycloak-18.0.1\standalone\tmp
	line.separator = 

	logging.configuration = file:C:\Users\stef info\Desktop\exercice\keycloak-18.0.1\standalone\configuration/logging.properties
	module.path = C:\Users\stef info\Desktop\exercice\keycloak-18.0.1\modules
	org.jboss.boot.log.file = C:\Users\stef info\Desktop\exercice\keycloak-18.0.1\standalone\log\server.log
	org.jboss.resolver.warning = true
	os.arch = amd64
	os.name = Windows 10
	os.version = 10.0
	path.separator = ;
	program.name = standalone.bat
	sun.arch.data.model = 64
	sun.boot.class.path = C:\Program Files\Java\jdk1.8.0_60\jre\lib\resources.jar;C:\Program Files\Java\jdk1.8.0_60\jre\lib\rt.jar;C:\Program Files\Java\jdk1.8.0_60\jre\lib\sunrsasign.jar;C:\Program Files\Java\jdk1.8.0_60\jre\lib\jsse.jar;C:\Program Files\Java\jdk1.8.0_60\jre\lib\jce.jar;C:\Program Files\Java\jdk1.8.0_60\jre\lib\charsets.jar;C:\Program Files\Java\jdk1.8.0_60\jre\lib\jfr.jar;C:\Program Files\Java\jdk1.8.0_60\jre\classes
	sun.boot.library.path = C:\Program Files\Java\jdk1.8.0_60\jre\bin
	sun.cpu.endian = little
	sun.cpu.isalist = amd64
	sun.desktop = windows
	sun.io.unicode.encoding = UnicodeLittle
	sun.java.command = C:\Users\stef info\Desktop\exercice\keycloak-18.0.1\jboss-modules.jar -mp C:\Users\stef info\Desktop\exercice\keycloak-18.0.1\modules org.jboss.as.standalone -Djboss.home.dir=C:\Users\stef info\Desktop\exercice\keycloak-18.0.1
	sun.java.launcher = SUN_STANDARD
	sun.jnu.encoding = Cp1252
	sun.management.compiler = HotSpot 64-Bit Tiered Compilers
	sun.os.patch.level = 
	sun.stderr.encoding = cp850
	sun.stdout.encoding = cp850
	user.country = FR
	user.dir = C:\Users\stef info\Desktop\exercice\keycloak-18.0.1\bin
	user.home = C:\Users\stef info
	user.language = fr
	user.name = stef info
	user.script = 
	user.timezone = Europe/Paris
	user.variant = 
2022-06-21 13:47:57,382 DEBUG [org.jboss.as.config] (MSC service thread 1-2) VM Arguments: -Dprogram.name=standalone.bat -Xms64M -Xmx512M -XX:MetaspaceSize=96M -XX:MaxMetaspaceSize=256m -Djava.net.preferIPv4Stack=true -Djboss.modules.system.pkgs=org.jboss.byteman -Djava.awt.headless=true -Dorg.jboss.boot.log.file=C:\Users\stef info\Desktop\exercice\keycloak-18.0.1\standalone\log\server.log -Dlogging.configuration=file:C:\Users\stef info\Desktop\exercice\keycloak-18.0.1\standalone\configuration/logging.properties 
2022-06-21 13:48:16,136 INFO  [org.wildfly.security] (ServerService Thread Pool -- 19) ELY00001: WildFly Elytron version 1.19.0.Final
2022-06-21 13:48:42,469 INFO  [org.jboss.as.server] (Controller Boot Thread) WFLYSRV0039: Creating http management service using socket-binding (management-http)
2022-06-21 13:48:42,703 INFO  [org.jboss.as.jaxrs] (ServerService Thread Pool -- 55) WFLYRS0016: RESTEasy version 4.7.6.Final
2022-06-21 13:48:42,713 WARN  [org.jboss.as.txn] (ServerService Thread Pool -- 66) WFLYTX0013: The node-identifier attribute on the /subsystem=transactions is set to the default value. This is a danger for environments running multiple servers. Please make sure the attribute value is unique.
2022-06-21 13:48:42,861 INFO  [org.jboss.as.clustering.infinispan] (ServerService Thread Pool -- 53) WFLYCLINF0001: Activating Infinispan subsystem.
2022-06-21 13:48:42,869 INFO  [org.wildfly.extension.health] (ServerService Thread Pool -- 52) WFLYHEALTH0001: Activating Base Health Subsystem
2022-06-21 13:48:42,872 INFO  [org.wildfly.extension.metrics] (ServerService Thread Pool -- 61) WFLYMETRICS0001: Activating Base Metrics Subsystem
2022-06-21 13:48:43,189 INFO  [org.jboss.as.naming] (ServerService Thread Pool -- 62) WFLYNAM0001: Activating Naming Subsystem
2022-06-21 13:48:43,226 INFO  [org.jboss.as.connector] (MSC service thread 1-3) WFLYJCA0009: Starting Jakarta Connectors Subsystem (WildFly/IronJacamar 1.5.3.Final)
2022-06-21 13:48:43,523 INFO  [org.xnio] (MSC service thread 1-2) XNIO version 3.8.7.Final
2022-06-21 13:48:43,608 INFO  [org.xnio.nio] (ServerService Thread Pool -- 54) XNIO NIO Implementation Version 3.8.7.Final
2022-06-21 13:48:44,118 INFO  [org.wildfly.extension.undertow] (MSC service thread 1-3) WFLYUT0003: Undertow 2.2.17.Final starting
2022-06-21 13:48:44,508 INFO  [org.jboss.as.connector.subsystems.datasources] (ServerService Thread Pool -- 47) WFLYJCA0004: Deploying JDBC-compliant driver class org.h2.Driver (version 1.4)
2022-06-21 13:48:44,519 INFO  [org.jboss.as.connector.deployers.jdbc] (MSC service thread 1-3) WFLYJCA0018: Started Driver service with driver-name = h2
2022-06-21 13:48:44,547 WARN  [org.wildfly.clustering.web.undertow] (ServerService Thread Pool -- 67) WFLYCLWEBUT0007: No routing provider found for default-server; using legacy provider based on static configuration
2022-06-21 13:48:44,752 WARN  [org.wildfly.extension.elytron] (MSC service thread 1-4) WFLYELY00023: KeyStore file 'C:\Users\stef info\Desktop\exercice\keycloak-18.0.1\standalone\configuration\application.keystore' does not exist. Used blank.
2022-06-21 13:48:44,997 INFO  [org.wildfly.extension.undertow] (ServerService Thread Pool -- 67) WFLYUT0014: Creating file handler for path 'C:\Users\stef info\Desktop\exercice\keycloak-18.0.1/welcome-content' with options [directory-listing: 'false', follow-symlink: 'false', case-sensitive: 'true', safe-symlink-paths: '[]']
2022-06-21 13:48:45,768 WARN  [org.wildfly.extension.elytron] (MSC service thread 1-3) WFLYELY01084: KeyStore C:\Users\stef info\Desktop\exercice\keycloak-18.0.1\standalone\configuration\application.keystore not found, it will be auto generated on first use with a self-signed certificate for host localhost
2022-06-21 13:48:46,313 INFO  [org.jboss.as.naming] (MSC service thread 1-7) WFLYNAM0003: Starting Naming Service
2022-06-21 13:48:46,315 INFO  [org.jboss.as.mail.extension] (MSC service thread 1-1) WFLYMAIL0001: Bound mail session [java:jboss/mail/Default]
2022-06-21 13:48:47,688 INFO  [org.wildfly.extension.io] (ServerService Thread Pool -- 54) WFLYIO001: Worker 'default' has auto-configured to 8 IO threads with 64 max task threads based on your 4 available processors
2022-06-21 13:48:47,708 INFO  [org.jboss.as.ejb3] (MSC service thread 1-1) WFLYEJB0482: Strict pool mdb-strict-max-pool is using a max instance size of 16 (per class), which is derived from the number of CPUs on this host.
2022-06-21 13:48:47,709 INFO  [org.jboss.as.ejb3] (MSC service thread 1-5) WFLYEJB0481: Strict pool slsb-strict-max-pool is using a max instance size of 64 (per class), which is derived from thread worker pool sizing.
2022-06-21 13:48:48,543 INFO  [org.wildfly.extension.undertow] (MSC service thread 1-6) WFLYUT0012: Started server default-server.
2022-06-21 13:48:48,549 INFO  [org.wildfly.extension.undertow] (MSC service thread 1-7) Queuing requests.
2022-06-21 13:48:48,566 INFO  [org.wildfly.extension.undertow] (MSC service thread 1-7) WFLYUT0018: Host default-host starting
2022-06-21 13:48:50,398 INFO  [org.jboss.remoting] (MSC service thread 1-5) JBoss Remoting version 5.0.24.Final
2022-06-21 13:48:51,437 INFO  [org.wildfly.extension.undertow] (MSC service thread 1-1) WFLYUT0006: Undertow HTTP listener default listening on 127.0.0.1:8080
2022-06-21 13:48:51,450 INFO  [org.wildfly.extension.undertow] (MSC service thread 1-2) WFLYUT0006: Undertow HTTPS listener https listening on 127.0.0.1:8443
2022-06-21 13:48:51,517 INFO  [org.jboss.as.ejb3] (MSC service thread 1-2) WFLYEJB0493: Jakarta Enterprise Beans subsystem suspension complete
2022-06-21 13:48:53,419 INFO  [org.jboss.as.connector.subsystems.datasources] (MSC service thread 1-4) WFLYJCA0001: Bound data source [java:jboss/datasources/KeycloakDS]
2022-06-21 13:48:53,419 INFO  [org.jboss.as.connector.subsystems.datasources] (MSC service thread 1-2) WFLYJCA0001: Bound data source [java:jboss/datasources/ExampleDS]
2022-06-21 13:48:56,382 INFO  [org.jboss.as.patching] (MSC service thread 1-2) WFLYPAT0050: Keycloak cumulative patch ID is: base, one-off patches include: none
2022-06-21 13:48:56,384 INFO  [org.jboss.as.server.deployment.scanner] (MSC service thread 1-3) WFLYDS0013: Started FileSystemDeploymentService for directory C:\Users\stef info\Desktop\exercice\keycloak-18.0.1\standalone\deployments
2022-06-21 13:48:56,387 INFO  [org.jboss.as.server.deployment] (MSC service thread 1-5) WFLYSRV0027: Starting deployment of "keycloak-server.war" (runtime-name: "keycloak-server.war")
2022-06-21 13:49:07,947 INFO  [org.infinispan.CONTAINER] (ServerService Thread Pool -- 71) ISPN000128: Infinispan version: Infinispan 'Triskaidekaphobia' 13.0.10.Final
2022-06-21 13:49:11,641 INFO  [org.infinispan.CONTAINER] (ServerService Thread Pool -- 71) ISPN000556: Starting user marshaller 'org.wildfly.clustering.infinispan.spi.marshalling.InfinispanProtoStreamMarshaller'
2022-06-21 13:49:11,641 INFO  [org.infinispan.CONTAINER] (ServerService Thread Pool -- 72) ISPN000556: Starting user marshaller 'org.wildfly.clustering.infinispan.marshalling.jboss.JBossMarshaller'
2022-06-21 13:49:13,724 INFO  [org.infinispan.CONFIG] (MSC service thread 1-7) ISPN000152: Passivation configured without an eviction policy being selected. Only manually evicted entities will be passivated.
2022-06-21 13:49:13,760 INFO  [org.jboss.as.clustering.infinispan] (ServerService Thread Pool -- 73) WFLYCLINF0002: Started clientSessions cache from keycloak container
2022-06-21 13:49:13,773 INFO  [org.jboss.as.clustering.infinispan] (ServerService Thread Pool -- 79) WFLYCLINF0002: Started actionTokens cache from keycloak container
2022-06-21 13:49:13,774 INFO  [org.jboss.as.clustering.infinispan] (ServerService Thread Pool -- 76) WFLYCLINF0002: Started authenticationSessions cache from keycloak container
2022-06-21 13:49:13,774 INFO  [org.jboss.as.clustering.infinispan] (ServerService Thread Pool -- 77) WFLYCLINF0002: Started work cache from keycloak container
2022-06-21 13:49:13,774 INFO  [org.jboss.as.clustering.infinispan] (ServerService Thread Pool -- 75) WFLYCLINF0002: Started sessions cache from keycloak container
2022-06-21 13:49:13,774 INFO  [org.jboss.as.clustering.infinispan] (ServerService Thread Pool -- 81) WFLYCLINF0002: Started loginFailures cache from keycloak container
2022-06-21 13:49:13,775 INFO  [org.jboss.as.clustering.infinispan] (ServerService Thread Pool -- 71) WFLYCLINF0002: Started offlineClientSessions cache from keycloak container
2022-06-21 13:49:13,775 INFO  [org.jboss.as.clustering.infinispan] (ServerService Thread Pool -- 74) WFLYCLINF0002: Started offlineSessions cache from keycloak container
2022-06-21 13:49:13,775 INFO  [org.infinispan.CONFIG] (MSC service thread 1-7) ISPN000152: Passivation configured without an eviction policy being selected. Only manually evicted entities will be passivated.
2022-06-21 13:49:13,824 INFO  [org.jboss.as.clustering.infinispan] (ServerService Thread Pool -- 73) WFLYCLINF0002: Started http-remoting-connector cache from ejb container
2022-06-21 13:49:14,281 INFO  [org.jboss.as.clustering.infinispan] (ServerService Thread Pool -- 72) WFLYCLINF0002: Started users cache from keycloak container
2022-06-21 13:49:14,281 INFO  [org.jboss.as.clustering.infinispan] (ServerService Thread Pool -- 78) WFLYCLINF0002: Started realms cache from keycloak container
2022-06-21 13:49:14,281 INFO  [org.jboss.as.clustering.infinispan] (ServerService Thread Pool -- 82) WFLYCLINF0002: Started keys cache from keycloak container
2022-06-21 13:49:14,281 INFO  [org.jboss.as.clustering.infinispan] (ServerService Thread Pool -- 80) WFLYCLINF0002: Started authorization cache from keycloak container
2022-06-21 13:49:18,400 WARN  [org.jboss.as.server.deployment] (MSC service thread 1-3) WFLYSRV0273: Excluded subsystem webservices via jboss-deployment-structure.xml does not exist.
2022-06-21 13:49:22,110 INFO  [org.keycloak.services] (ServerService Thread Pool -- 78) KC-SERVICES0001: Loading config from standalone.xml or domain.xml
2022-06-21 13:49:30,574 INFO  [org.keycloak.url.DefaultHostnameProviderFactory] (ServerService Thread Pool -- 78) Frontend: <request>, Admin: <frontend>, Backend: <request>
2022-06-21 13:49:33,701 INFO  [org.jboss.as.clustering.infinispan] (ServerService Thread Pool -- 78) WFLYCLINF0002: Started realmRevisions cache from keycloak container
2022-06-21 13:49:33,711 INFO  [org.jboss.as.clustering.infinispan] (ServerService Thread Pool -- 78) WFLYCLINF0002: Started userRevisions cache from keycloak container
2022-06-21 13:49:33,720 INFO  [org.jboss.as.clustering.infinispan] (ServerService Thread Pool -- 78) WFLYCLINF0002: Started authorizationRevisions cache from keycloak container
2022-06-21 13:49:33,723 INFO  [org.keycloak.connections.infinispan.DefaultInfinispanConnectionProviderFactory] (ServerService Thread Pool -- 78) Node name: desktop-iii5iej, Site name: null
2022-06-21 13:49:50,911 INFO  [org.keycloak.connections.jpa.DefaultJpaConnectionProviderFactory] (ServerService Thread Pool -- 78) Database info: {databaseUrl=jdbc:h2:C:\Users\stef info\Desktop\exercice\keycloak-18.0.1\standalone\data/keycloak, databaseUser=SA, databaseProduct=H2 1.4.197 (2018-03-18), databaseDriver=H2 JDBC Driver 1.4.197 (2018-03-18)}
2022-06-21 13:50:06,823 INFO  [org.hibernate.jpa.internal.util.LogHelper] (ServerService Thread Pool -- 78) HHH000204: Processing PersistenceUnitInfo [
	name: keycloak-default
	...]
2022-06-21 13:50:07,462 INFO  [org.hibernate.Version] (ServerService Thread Pool -- 78) HHH000412: Hibernate Core {5.3.24.Final}
2022-06-21 13:50:07,466 INFO  [org.hibernate.cfg.Environment] (ServerService Thread Pool -- 78) HHH000206: hibernate.properties not found
2022-06-21 13:50:10,127 INFO  [org.hibernate.annotations.common.Version] (ServerService Thread Pool -- 78) HCANN000001: Hibernate Commons Annotations {5.0.5.Final}
2022-06-21 13:50:11,303 INFO  [org.hibernate.dialect.Dialect] (ServerService Thread Pool -- 78) HHH000400: Using dialect: org.hibernate.dialect.H2Dialect
2022-06-21 13:50:11,805 INFO  [org.hibernate.envers.boot.internal.EnversServiceImpl] (ServerService Thread Pool -- 78) Envers integration enabled? : true
2022-06-21 13:50:12,627 INFO  [org.hibernate.orm.beans] (ServerService Thread Pool -- 78) HHH10005002: No explicit CDI BeanManager reference was passed to Hibernate, but CDI is available on the Hibernate ClassLoader.
2022-06-21 13:50:13,903 INFO  [org.hibernate.validator.internal.util.Version] (ServerService Thread Pool -- 78) HV000001: Hibernate Validator 6.0.23.Final
2022-06-21 13:50:17,978 INFO  [org.hibernate.hql.internal.QueryTranslatorFactoryInitiator] (ServerService Thread Pool -- 78) HHH000397: Using ASTQueryTranslatorFactory
2022-06-21 13:50:23,607 INFO  [org.jboss.resteasy.resteasy_jaxrs.i18n] (ServerService Thread Pool -- 78) RESTEASY002225: Deploying javax.ws.rs.core.Application: class org.keycloak.services.resources.KeycloakApplication
2022-06-21 13:50:23,622 INFO  [org.jboss.resteasy.resteasy_jaxrs.i18n] (ServerService Thread Pool -- 78) RESTEASY002205: Adding provider class org.keycloak.services.filters.KeycloakSecurityHeadersFilter from Application class org.keycloak.services.resources.KeycloakApplication
2022-06-21 13:50:23,626 INFO  [org.jboss.resteasy.resteasy_jaxrs.i18n] (ServerService Thread Pool -- 78) RESTEASY002200: Adding class resource org.keycloak.services.resources.ThemeResource from Application class org.keycloak.services.resources.KeycloakApplication
2022-06-21 13:50:23,626 INFO  [org.jboss.resteasy.resteasy_jaxrs.i18n] (ServerService Thread Pool -- 78) RESTEASY002205: Adding provider class org.keycloak.services.error.KcUnrecognizedPropertyExceptionHandler from Application class org.keycloak.services.resources.KeycloakApplication
2022-06-21 13:50:23,626 INFO  [org.jboss.resteasy.resteasy_jaxrs.i18n] (ServerService Thread Pool -- 78) RESTEASY002205: Adding provider class org.keycloak.services.error.KeycloakErrorHandler from Application class org.keycloak.services.resources.KeycloakApplication
2022-06-21 13:50:23,627 INFO  [org.jboss.resteasy.resteasy_jaxrs.i18n] (ServerService Thread Pool -- 78) RESTEASY002200: Adding class resource org.keycloak.services.resources.JsResource from Application class org.keycloak.services.resources.KeycloakApplication
2022-06-21 13:50:23,628 INFO  [org.jboss.resteasy.resteasy_jaxrs.i18n] (ServerService Thread Pool -- 78) RESTEASY002220: Adding singleton resource org.keycloak.services.resources.RealmsResource from Application class org.keycloak.services.resources.KeycloakApplication
2022-06-21 13:50:23,628 INFO  [org.jboss.resteasy.resteasy_jaxrs.i18n] (ServerService Thread Pool -- 78) RESTEASY002220: Adding singleton resource org.keycloak.services.resources.admin.AdminRoot from Application class org.keycloak.services.resources.KeycloakApplication
2022-06-21 13:50:23,629 INFO  [org.jboss.resteasy.resteasy_jaxrs.i18n] (ServerService Thread Pool -- 78) RESTEASY002210: Adding provider singleton org.keycloak.services.util.ObjectMapperResolver from Application class org.keycloak.services.resources.KeycloakApplication
2022-06-21 13:50:23,631 INFO  [org.jboss.resteasy.resteasy_jaxrs.i18n] (ServerService Thread Pool -- 78) RESTEASY002220: Adding singleton resource org.keycloak.services.resources.WelcomeResource from Application class org.keycloak.services.resources.KeycloakApplication
2022-06-21 13:50:23,633 INFO  [org.jboss.resteasy.resteasy_jaxrs.i18n] (ServerService Thread Pool -- 78) RESTEASY002220: Adding singleton resource org.keycloak.services.resources.RobotsResource from Application class org.keycloak.services.resources.KeycloakApplication
2022-06-21 13:50:24,164 INFO  [org.wildfly.extension.undertow] (ServerService Thread Pool -- 78) WFLYUT0021: Registered web context: '/auth' for server 'default-server'
2022-06-21 13:50:25,174 INFO  [org.jboss.as.server] (ServerService Thread Pool -- 59) WFLYSRV0010: Deployed "keycloak-server.war" (runtime-name : "keycloak-server.war")
2022-06-21 13:50:25,797 INFO  [org.jboss.as.server] (Controller Boot Thread) WFLYSRV0212: Resuming server
2022-06-21 13:50:25,801 INFO  [org.jboss.as] (Controller Boot Thread) WFLYSRV0025: Keycloak 18.0.1 (WildFly Core 18.1.1.Final) started in 218732ms - Started 573 of 851 services (576 services are lazy, passive or on-demand) - Server configuration file in use: standalone.xml
2022-06-21 13:50:25,941 INFO  [org.jboss.as] (Controller Boot Thread) WFLYSRV0060: Http management interface listening on http://127.0.0.1:9990/management
2022-06-21 13:50:25,942 INFO  [org.jboss.as] (Controller Boot Thread) WFLYSRV0051: Admin console listening on http://127.0.0.1:9990
